<?xml version="1.0" encoding="UTF-8"?>
<testng-results ignored="0" total="2" passed="2" failed="0" skipped="0">
  <reporter-output>
    <line>
      <![CDATA[processtocheckout is dispalyed ]]>
    </line>
  </reporter-output>
  <suite started-at="2021-04-08T08:28:48 IST" name="Suite" finished-at="2021-04-08T08:29:45 IST" duration-ms="57211">
    <groups>
    </groups>
    <test started-at="2021-04-08T08:28:48 IST" name="Test" finished-at="2021-04-08T08:29:45 IST" duration-ms="57211">
      <class name="Scripts.AddingProductTocart">
        <test-method is-config="true" signature="openApp()[pri:0, instance:Scripts.AddingProductTocart@343570b7]" started-at="2021-04-08T08:29:12 IST" name="openApp" finished-at="2021-04-08T08:29:24 IST" duration-ms="12309" status="PASS">
          <reporter-output>
          </reporter-output>
        </test-method> <!-- openApp -->
        <test-method signature="cart()[pri:0, instance:Scripts.AddingProductTocart@343570b7]" started-at="2021-04-08T08:29:24 IST" name="cart" finished-at="2021-04-08T08:29:44 IST" duration-ms="20251" status="PASS">
          <reporter-output>
            <line>
              <![CDATA[processtocheckout is dispalyed ]]>
            </line>
          </reporter-output>
        </test-method> <!-- cart -->
        <test-method is-config="true" signature="closeapp(org.testng.ITestResult)[pri:0, instance:Scripts.AddingProductTocart@343570b7]" started-at="2021-04-08T08:29:44 IST" name="closeapp" finished-at="2021-04-08T08:29:45 IST" duration-ms="508" status="PASS">
          <params>
            <param index="0">
              <value>
                <![CDATA[[TestResult name=cart status=SUCCESS method=AddingProductTocart.cart()[pri:0, instance:Scripts.AddingProductTocart@343570b7] output=processtocheckout is dispalyed ]]]>
              </value>
            </param>
          </params>
          <reporter-output>
          </reporter-output>
        </test-method> <!-- closeapp -->
      </class> <!-- Scripts.AddingProductTocart -->
      <class name="Scripts.Sendingdetails">
        <test-method is-config="true" signature="openApp()[pri:0, instance:Scripts.Sendingdetails@3943a2be]" started-at="2021-04-08T08:28:48 IST" name="openApp" finished-at="2021-04-08T08:29:02 IST" duration-ms="13689" status="PASS">
          <reporter-output>
          </reporter-output>
        </test-method> <!-- openApp -->
        <test-method signature="contactdetails()[pri:0, instance:Scripts.Sendingdetails@3943a2be]" started-at="2021-04-08T08:29:02 IST" name="contactdetails" finished-at="2021-04-08T08:29:11 IST" duration-ms="9588" status="PASS">
          <reporter-output>
          </reporter-output>
        </test-method> <!-- contactdetails -->
        <test-method is-config="true" signature="closeapp(org.testng.ITestResult)[pri:0, instance:Scripts.Sendingdetails@3943a2be]" started-at="2021-04-08T08:29:11 IST" name="closeapp" finished-at="2021-04-08T08:29:12 IST" duration-ms="783" status="PASS">
          <params>
            <param index="0">
              <value>
                <![CDATA[[TestResult name=contactdetails status=SUCCESS method=Sendingdetails.contactdetails()[pri:0, instance:Scripts.Sendingdetails@3943a2be] output={null}]]]>
              </value>
            </param>
          </params>
          <reporter-output>
          </reporter-output>
        </test-method> <!-- closeapp -->
      </class> <!-- Scripts.Sendingdetails -->
    </test> <!-- Test -->
  </suite> <!-- Suite -->
</testng-results>
